#
# A fatal error has been detected by the Java Runtime Environment:
#
#  EXCEPTION_ACCESS_VIOLATION (0xc0000005) at pc=0x6c9d757e, pid=23280, tid=0x000066c8
#
# JRE version: Java(TM) SE Runtime Environment (8.0_191-b12) (build 1.8.0_191-b12)
# Java VM: Java HotSpot(TM) Client VM (25.191-b12 mixed mode windows-x86 )
# Problematic frame:
# V  [jvm.dll+0xe757e]
#
# Failed to write core dump. Minidumps are not enabled by default on client versions of Windows
#
# If you would like to submit a bug report, please visit:
#   http://bugreport.java.com/bugreport/crash.jsp
#

---------------  T H R E A D  ---------------

Current thread (0x280c6800):  JavaThread "EventThread COM4" [_thread_in_vm, id=26312, stack(0x027b0000,0x02800000)]

siginfo: ExceptionCode=0xc0000005, reading address 0x00000000

Registers:
EAX=0x00000000, EBX=0x2a74c7d8, ECX=0x280c6800, EDX=0x0000009f
ESP=0x027feeec, EBP=0x027fef08, ESI=0x00000000, EDI=0x280c6800
EIP=0x6c9d757e, EFLAGS=0x00010246

Top of Stack: (sp=0x027feeec)
0x027feeec:   027fef24 280c6940 2a74c7d8 280c6800
0x027feefc:   27a0a6bc 0000009f 6cbd5568 027ff738
0x027fef0c:   6400183d 280c6940 00000000 00000000
0x027fef1c:   000007cf 027fef24 3a383231 3a393631
0x027fef2c:   33323a33 34363a32 66200a0d 5f67616c
0x027fef3c:   45535645 6165525f 64495f64 6761545f
0x027fef4c:   56453a20 735f4553 6e4f7465 64616552
0x027fef5c:   72657355 43206449 626c6c61 3a6b6361 

Instructions: (pc=0x6c9d757e)
0x6c9d755e:   c4 08 83 7f 04 00 89 7d f0 c7 45 f4 00 00 00 00
0x6c9d756e:   74 08 8d 4d f0 e8 e8 34 0c 00 8b 75 10 8b 45 0c
0x6c9d757e:   8b 10 85 f6 78 32 8b 45 14 85 c0 78 2b 8d 0c 06
0x6c9d758e:   3b 4a 08 77 23 85 c0 7e 3b 8b 4a 04 8b 49 04 83 


Register to memory mapping:

EAX=0x00000000 is an unknown value
EBX=0x2a74c7d8 is an unknown value
ECX=0x280c6800 is a thread
EDX=0x0000009f is an unknown value
ESP=0x027feeec is pointing into the stack for thread: 0x280c6800
EBP=0x027fef08 is pointing into the stack for thread: 0x280c6800
ESI=0x00000000 is an unknown value
EDI=0x280c6800 is a thread


Stack: [0x027b0000,0x02800000],  sp=0x027feeec,  free space=315k
Native frames: (J=compiled Java code, j=interpreted, Vv=VM code, C=native code)
V  [jvm.dll+0xe757e]
C  [jSSC-2.8_x86.dll+0x183d]
J 5639  jssc.SerialNativeInterface.readBytes(JI)[B (0 bytes) @ 0x02f1cea5 [0x02f1ce10+0x95]
J 9899% C1 jssc.SerialPort$EventThread.run()V (84 bytes) @ 0x02b6fbc0 [0x02b6f910+0x2b0]
v  ~StubRoutines::call_stub
V  [jvm.dll+0x15c315]
V  [jvm.dll+0x223ece]
V  [jvm.dll+0x15c3ae]
V  [jvm.dll+0x15c536]
V  [jvm.dll+0x15c5a7]
V  [jvm.dll+0x1002ef]
V  [jvm.dll+0x17f550]
V  [jvm.dll+0x17fdca]
V  [jvm.dll+0x1c57a6]
C  [msvcr100.dll+0x5c556]
C  [msvcr100.dll+0x5c600]
C  [KERNEL32.DLL+0x17ba9]
C  [ntdll.dll+0x6bd2b]
C  [ntdll.dll+0x6bcaf]
C  0x00000000

Java frames: (J=compiled Java code, j=interpreted, Vv=VM code)
J 5639  jssc.SerialNativeInterface.readBytes(JI)[B (0 bytes) @ 0x02f1ce61 [0x02f1ce10+0x51]
J 9899% C1 jssc.SerialPort$EventThread.run()V (84 bytes) @ 0x02b6fbc0 [0x02b6f910+0x2b0]
v  ~StubRoutines::call_stub

---------------  P R O C E S S  ---------------

Java Threads: ( => current thread )
=>0x280c6800 JavaThread "EventThread COM4" [_thread_in_vm, id=26312, stack(0x027b0000,0x02800000)]
  0x280c6000 JavaThread "Timer-1" [_thread_blocked, id=26492, stack(0x00c20000,0x00c70000)]
  0x280c1c00 JavaThread "DestroyJavaVM" [_thread_blocked, id=26484, stack(0x025f0000,0x02640000)]
  0x280c1000 JavaThread "TimerQueue" daemon [_thread_blocked, id=16816, stack(0x2a540000,0x2a590000)]
  0x27aaac00 JavaThread "AWT-EventQueue-0" [_thread_blocked, id=20380, stack(0x28f70000,0x28fc0000)]
  0x27aab000 JavaThread "AWT-Shutdown" [_thread_blocked, id=11624, stack(0x28ee0000,0x28f30000)]
  0x27aaa400 JavaThread "Batik CleanerThread" daemon [_thread_blocked, id=33912, stack(0x284d0000,0x28520000)]
  0x27c1ac00 JavaThread "JmDNS(192-168-1-7.local.).State.Timer" [_thread_blocked, id=31828, stack(0x28780000,0x287d0000)]
  0x27c1a400 JavaThread "JmDNS(192-168-1-7.local.).Timer" daemon [_thread_blocked, id=33456, stack(0x286f0000,0x28740000)]
  0x27c1a000 JavaThread "SocketListener(192-168-1-7.local.)" daemon [_thread_blocked, id=23536, stack(0x28660000,0x286b0000)]
  0x2666c800 JavaThread "Multihomed mDNS.Timer" daemon [_thread_blocked, id=15824, stack(0x26ab0000,0x26b00000)]
  0x2666d000 JavaThread "AWT-Windows" daemon [_thread_in_native, id=4596, stack(0x26b80000,0x26bd0000)]
  0x2666ac00 JavaThread "Java2D Disposer" daemon [_thread_blocked, id=18812, stack(0x26a60000,0x26ab0000)]
  0x25ca1800 JavaThread "Service Thread" daemon [_thread_blocked, id=15072, stack(0x262f0000,0x26340000)]
  0x25c80c00 JavaThread "C1 CompilerThread0" daemon [_thread_blocked, id=25796, stack(0x26260000,0x262b0000)]
  0x25c7e800 JavaThread "Attach Listener" daemon [_thread_blocked, id=22860, stack(0x261d0000,0x26220000)]
  0x25c7cc00 JavaThread "Signal Dispatcher" daemon [_thread_blocked, id=23452, stack(0x26140000,0x26190000)]
  0x25c6b000 JavaThread "Finalizer" daemon [_thread_blocked, id=25448, stack(0x25fb0000,0x26000000)]
  0x25c65400 JavaThread "Reference Handler" daemon [_thread_blocked, id=21800, stack(0x25f20000,0x25f70000)]

Other Threads:
  0x25c50400 VMThread [stack: 0x25e50000,0x25ea0000] [id=34016]
  0x25cad000 WatcherThread [stack: 0x26380000,0x263d0000] [id=31080]

VM state:synchronizing (normal execution)

VM Mutex/Monitor currently owned by a thread:  ([mutex/lock_event])
[0x0282dcc8] Threads_lock - owner thread: 0x25c50400
[0x0282d8b8] Heap_lock - owner thread: 0x27aaac00

Heap:
 def new generation   total 157248K, used 157248K [0x04c00000, 0x0f6a0000, 0x0f6a0000)
  eden space 139776K, 100% used [0x04c00000, 0x0d480000, 0x0d480000)
  from space 17472K, 100% used [0x0d480000, 0x0e590000, 0x0e590000)
  to   space 17472K,   0% used [0x0e590000, 0x0e590000, 0x0f6a0000)
 tenured generation   total 349568K, used 349567K [0x0f6a0000, 0x24c00000, 0x24c00000)
   the space 349568K,  99% used [0x0f6a0000, 0x24bffff8, 0x24c00000, 0x24c00000)
 Metaspace       used 22152K, capacity 22657K, committed 22784K, reserved 22912K

Card table byte_map: [0x04ae0000,0x04bf0000] byte_map_base: 0x04aba000

Polling page: 0x00a80000

CodeCache: size=32768Kb used=2335Kb max_used=5041Kb free=30432Kb
 bounds [0x02a60000, 0x02f50000, 0x04a60000]
 total_blobs=1404 nmethods=1123 adapters=210
 compilation: enabled

Compilation events (10 events):
Event: 3263.427 Thread 0x25c80c00 15992             javax.swing.text.ParagraphView::nextTabStop (270 bytes)
Event: 3263.762 Thread 0x25c80c00 nmethod 15992 0x02d55048 code [0x02d55240, 0x02d5570c]
Event: 3263.762 Thread 0x25c80c00 15993             javax.swing.text.ParagraphView::getTabSet (13 bytes)
Event: 3263.762 Thread 0x25c80c00 nmethod 15993 0x02f14bc8 code [0x02f14ce0, 0x02f14e1c]
Event: 3264.096 Thread 0x25c80c00 15994             javax.swing.text.StyleConstants::getTabSet (15 bytes)
Event: 3264.096 Thread 0x25c80c00 nmethod 15994 0x02e17308 code [0x02e17410, 0x02e174fc]
Event: 3266.228 Thread 0x25c80c00 15995             javax.swing.text.DefaultStyledDocument$ElementBuffer::fracture (199 bytes)
Event: 3266.229 Thread 0x25c80c00 nmethod 15995 0x02b7e948 code [0x02b7ea80, 0x02b7eeb4]
Event: 3266.888 Thread 0x25c80c00 15996             java.lang.String::getChars (62 bytes)
Event: 3267.626 Thread 0x25c80c00 nmethod 15996 0x02f19bc8 code [0x02f19d00, 0x02f19f20]

GC Heap History (10 events):
Event: 3278.158 GC heap before
{Heap before GC invocations=2196 (full 1483):
 def new generation   total 157248K, used 157247K [0x04c00000, 0x0f6a0000, 0x0f6a0000)
  eden space 139776K, 100% used [0x04c00000, 0x0d480000, 0x0d480000)
  from space 17472K,  99% used [0x0d480000, 0x0e58fff0, 0x0e590000)
  to   space 17472K,   0% used [0x0e590000, 0x0e590000, 0x0f6a0000)
 tenured generation   total 349568K, used 349568K [0x0f6a0000, 0x24c00000, 0x24c00000)
   the space 349568K, 100% used [0x0f6a0000, 0x24c00000, 0x24c00000, 0x24c00000)
 Metaspace       used 22152K, capacity 22657K, committed 22784K, reserved 22912K
Event: 3278.494 GC heap after
Heap after GC invocations=2197 (full 1484):
 def new generation   total 157248K, used 157247K [0x04c00000, 0x0f6a0000, 0x0f6a0000)
  eden space 139776K, 100% used [0x04c00000, 0x0d480000, 0x0d480000)
  from space 17472K,  99% used [0x0d480000, 0x0e58ff28, 0x0e590000)
  to   space 17472K,   0% used [0x0e590000, 0x0e590000, 0x0f6a0000)
 tenured generation   total 349568K, used 349567K [0x0f6a0000, 0x24c00000, 0x24c00000)
   the space 349568K,  99% used [0x0f6a0000, 0x24bfff48, 0x24c00000, 0x24c00000)
 Metaspace       used 22152K, capacity 22657K, committed 22784K, reserved 22912K
}
Event: 3278.494 GC heap before
{Heap before GC invocations=2197 (full 1484):
 def new generation   total 157248K, used 157247K [0x04c00000, 0x0f6a0000, 0x0f6a0000)
  eden space 139776K, 100% used [0x04c00000, 0x0d480000, 0x0d480000)
  from space 17472K,  99% used [0x0d480000, 0x0e58fff8, 0x0e590000)
  to   space 17472K,   0% used [0x0e590000, 0x0e590000, 0x0f6a0000)
 tenured generation   total 349568K, used 349567K [0x0f6a0000, 0x24c00000, 0x24c00000)
   the space 349568K,  99% used [0x0f6a0000, 0x24bffff8, 0x24c00000, 0x24c00000)
 Metaspace       used 22152K, capacity 22657K, committed 22784K, reserved 22912K
Event: 3278.830 GC heap after
Heap after GC invocations=2198 (full 1485):
 def new generation   total 157248K, used 157247K [0x04c00000, 0x0f6a0000, 0x0f6a0000)
  eden space 139776K, 100% used [0x04c00000, 0x0d480000, 0x0d480000)
  from space 17472K,  99% used [0x0d480000, 0x0e58ff80, 0x0e590000)
  to   space 17472K,   0% used [0x0e590000, 0x0e590000, 0x0f6a0000)
 tenured generation   total 349568K, used 349567K [0x0f6a0000, 0x24c00000, 0x24c00000)
   the space 349568K,  99% used [0x0f6a0000, 0x24bffff8, 0x24c00000, 0x24c00000)
 Metaspace       used 22152K, capacity 22657K, committed 22784K, reserved 22912K
}
Event: 3278.831 GC heap before
{Heap before GC invocations=2198 (full 1485):
 def new generation   total 157248K, used 157247K [0x04c00000, 0x0f6a0000, 0x0f6a0000)
  eden space 139776K, 100% used [0x04c00000, 0x0d480000, 0x0d480000)
  from space 17472K,  99% used [0x0d480000, 0x0e58ffe8, 0x0e590000)
  to   space 17472K,   0% used [0x0e590000, 0x0e590000, 0x0f6a0000)
 tenured generation   total 349568K, used 349567K [0x0f6a0000, 0x24c00000, 0x24c00000)
   the space 349568K,  99% used [0x0f6a0000, 0x24bffff8, 0x24c00000, 0x24c00000)
 Metaspace       used 22152K, capacity 22657K, committed 22784K, reserved 22912K
Event: 3279.195 GC heap after
Heap after GC invocations=2199 (full 1486):
 def new generation   total 157248K, used 157247K [0x04c00000, 0x0f6a0000, 0x0f6a0000)
  eden space 139776K, 100% used [0x04c00000, 0x0d480000, 0x0d480000)
  from space 17472K,  99% used [0x0d480000, 0x0e58fe28, 0x0e590000)
  to   space 17472K,   0% used [0x0e590000, 0x0e590000, 0x0f6a0000)
 tenured generation   total 349568K, used 349567K [0x0f6a0000, 0x24c00000, 0x24c00000)
   the space 349568K,  99% used [0x0f6a0000, 0x24bffff8, 0x24c00000, 0x24c00000)
 Metaspace       used 22152K, capacity 22657K, committed 22784K, reserved 22912K
}
Event: 3279.195 GC heap before
{Heap before GC invocations=2199 (full 1486):
 def new generation   total 157248K, used 157247K [0x04c00000, 0x0f6a0000, 0x0f6a0000)
  eden space 139776K, 100% used [0x04c00000, 0x0d480000, 0x0d480000)
  from space 17472K,  99% used [0x0d480000, 0x0e58fe50, 0x0e590000)
  to   space 17472K,   0% used [0x0e590000, 0x0e590000, 0x0f6a0000)
 tenured generation   total 349568K, used 349567K [0x0f6a0000, 0x24c00000, 0x24c00000)
   the space 349568K,  99% used [0x0f6a0000, 0x24bffff8, 0x24c00000, 0x24c00000)
 Metaspace       used 22152K, capacity 22657K, committed 22784K, reserved 22912K
Event: 3279.559 GC heap after
Heap after GC invocations=2200 (full 1487):
 def new generation   total 157248K, used 157247K [0x04c00000, 0x0f6a0000, 0x0f6a0000)
  eden space 139776K, 100% used [0x04c00000, 0x0d480000, 0x0d480000)
  from space 17472K,  99% used [0x0d480000, 0x0e58fe50, 0x0e590000)
  to   space 17472K,   0% used [0x0e590000, 0x0e590000, 0x0f6a0000)
 tenured generation   total 349568K, used 349567K [0x0f6a0000, 0x24c00000, 0x24c00000)
   the space 349568K,  99% used [0x0f6a0000, 0x24bffff8, 0x24c00000, 0x24c00000)
 Metaspace       used 22152K, capacity 22657K, committed 22784K, reserved 22912K
}
Event: 3279.559 GC heap before
{Heap before GC invocations=2200 (full 1487):
 def new generation   total 157248K, used 157247K [0x04c00000, 0x0f6a0000, 0x0f6a0000)
  eden space 139776K, 100% used [0x04c00000, 0x0d480000, 0x0d480000)
  from space 17472K,  99% used [0x0d480000, 0x0e58fe50, 0x0e590000)
  to   space 17472K,   0% used [0x0e590000, 0x0e590000, 0x0f6a0000)
 tenured generation   total 349568K, used 349567K [0x0f6a0000, 0x24c00000, 0x24c00000)
   the space 349568K,  99% used [0x0f6a0000, 0x24bffff8, 0x24c00000, 0x24c00000)
 Metaspace       used 22152K, capacity 22657K, committed 22784K, reserved 22912K
Event: 3279.937 GC heap after
Heap after GC invocations=2201 (full 1488):
 def new generation   total 157248K, used 157247K [0x04c00000, 0x0f6a0000, 0x0f6a0000)
  eden space 139776K, 100% used [0x04c00000, 0x0d480000, 0x0d480000)
  from space 17472K,  99% used [0x0d480000, 0x0e58fe50, 0x0e590000)
  to   space 17472K,   0% used [0x0e590000, 0x0e590000, 0x0f6a0000)
 tenured generation   total 349568K, used 349567K [0x0f6a0000, 0x24c00000, 0x24c00000)
   the space 349568K,  99% used [0x0f6a0000, 0x24bffff8, 0x24c00000, 0x24c00000)
 Metaspace       used 22152K, capacity 22657K, committed 22784K, reserved 22912K
}

Deoptimization events (0 events):
No events

Classes redefined (0 events):
No events

Internal exceptions (10 events):
Event: 3267.626 Thread 0x27aaac00 Exception <a 'java/io/IOException'> (0x0e586e38) thrown at [C:\workspace\8-2-build-windows-i586-cygwin\jdk8u191\11896\hotspot\src\share\vm\prims\jni.cpp, line 709]
Event: 3267.626 Thread 0x27aaac00 Exception <a 'java/io/IOException'> (0x0e587080) thrown at [C:\workspace\8-2-build-windows-i586-cygwin\jdk8u191\11896\hotspot\src\share\vm\prims\jni.cpp, line 709]
Event: 3268.626 Thread 0x27aaac00 Exception <a 'java/lang/OutOfMemoryError'> (0x0f6f88e8) thrown at [C:\workspace\8-2-build-windows-i586-cygwin\jdk8u191\11896\hotspot\src\share\vm\gc_interface/collectedHeap.inline.hpp, line 159]
Event: 3268.626 Thread 0x27aaac00 Exception <a 'java/lang/OutOfMemoryError'> (0x0f6f88e8) thrown at [C:\workspace\8-2-build-windows-i586-cygwin\jdk8u191\11896\hotspot\src\share\vm\prims\jvm.cpp, line 1439]
Event: 3268.626 Thread 0x27aaac00 Exception <a 'java/lang/OutOfMemoryError'> (0x0f6f88e8) thrown at [C:\workspace\8-2-build-windows-i586-cygwin\jdk8u191\11896\hotspot\src\share\vm\prims\jvm.cpp, line 1439]
Event: 3268.626 Thread 0x27aaac00 Exception <a 'java/io/IOException'> (0x0e575c68) thrown at [C:\workspace\8-2-build-windows-i586-cygwin\jdk8u191\11896\hotspot\src\share\vm\prims\jni.cpp, line 709]
Event: 3268.626 Thread 0x27aaac00 Exception <a 'java/io/IOException'> (0x0e576340) thrown at [C:\workspace\8-2-build-windows-i586-cygwin\jdk8u191\11896\hotspot\src\share\vm\prims\jni.cpp, line 709]
Event: 3268.626 Thread 0x27aaac00 Exception <a 'java/io/IOException'> (0x0e5766a0) thrown at [C:\workspace\8-2-build-windows-i586-cygwin\jdk8u191\11896\hotspot\src\share\vm\prims\jni.cpp, line 709]
Event: 3268.626 Thread 0x27aaac00 Exception <a 'java/io/IOException'> (0x0e5768e8) thrown at [C:\workspace\8-2-build-windows-i586-cygwin\jdk8u191\11896\hotspot\src\share\vm\prims\jni.cpp, line 709]
Event: 3279.937 Thread 0x280c6800 Exception <a 'java/lang/OutOfMemoryError'> (0x0f6f88e8) thrown at [C:\workspace\8-2-build-windows-i586-cygwin\jdk8u191\11896\hotspot\src\share\vm\gc_interface/collectedHeap.inline.hpp, line 159]

Events (10 events):
Event: 3278.158 Executing VM operation: GenCollectForAllocation done
Event: 3278.158 Executing VM operation: GenCollectForAllocation
Event: 3278.494 Executing VM operation: GenCollectForAllocation done
Event: 3278.494 Executing VM operation: GenCollectForAllocation
Event: 3278.831 Executing VM operation: GenCollectForAllocation done
Event: 3278.831 Executing VM operation: GenCollectForAllocation
Event: 3279.195 Executing VM operation: GenCollectForAllocation done
Event: 3279.195 Executing VM operation: GenCollectForAllocation
Event: 3279.937 Executing VM operation: GenCollectForAllocation done
Event: 3279.937 Executing VM operation: GenCollectForAllocation


Dynamic libraries:
0x00d40000 - 0x00d73000 	C:\Program Files (x86)\Arduino\java\bin\javaw.exe
0x771b0000 - 0x77361000 	C:\WINDOWS\SYSTEM32\ntdll.dll
0x75590000 - 0x75680000 	C:\WINDOWS\System32\KERNEL32.DLL
0x74e90000 - 0x75104000 	C:\WINDOWS\System32\KERNELBASE.dll
0x75e90000 - 0x75f0f000 	C:\WINDOWS\System32\ADVAPI32.dll
0x76fd0000 - 0x77094000 	C:\WINDOWS\System32\msvcrt.dll
0x75f10000 - 0x75f95000 	C:\WINDOWS\System32\sechost.dll
0x76fb0000 - 0x76fca000 	C:\WINDOWS\System32\bcrypt.dll
0x76520000 - 0x765da000 	C:\WINDOWS\System32\RPCRT4.dll
0x753e0000 - 0x75588000 	C:\WINDOWS\System32\USER32.dll
0x76500000 - 0x7651a000 	C:\WINDOWS\System32\win32u.dll
0x75160000 - 0x75183000 	C:\WINDOWS\System32\GDI32.dll
0x75190000 - 0x75272000 	C:\WINDOWS\System32\gdi32full.dll
0x76100000 - 0x76179000 	C:\WINDOWS\System32\msvcp_win.dll
0x76e90000 - 0x76fa2000 	C:\WINDOWS\System32\ucrtbase.dll
0x722a0000 - 0x724c8000 	C:\WINDOWS\WinSxS\x86_microsoft.windows.common-controls_6595b64144ccf1df_6.0.22621.2506_none_6eb991c088050a06\COMCTL32.dll
0x76ce0000 - 0x76d05000 	C:\WINDOWS\System32\IMM32.DLL
0x6d410000 - 0x6d4cf000 	C:\Program Files (x86)\Arduino\java\bin\msvcr100.dll
0x6c8f0000 - 0x6ccc3000 	C:\Program Files (x86)\Arduino\java\bin\client\jvm.dll
0x74e20000 - 0x74e26000 	C:\WINDOWS\System32\PSAPI.DLL
0x724d0000 - 0x72501000 	C:\WINDOWS\SYSTEM32\WINMM.dll
0x74d00000 - 0x74d08000 	C:\WINDOWS\SYSTEM32\VERSION.dll
0x6f980000 - 0x6f988000 	C:\WINDOWS\SYSTEM32\WSOCK32.dll
0x74e30000 - 0x74e8f000 	C:\WINDOWS\System32\WS2_32.dll
0x6e8a0000 - 0x6e8d0000 	C:\Program Files (x86)\Arduino\java\bin\splashscreen.dll
0x6f9a0000 - 0x6fa1f000 	C:\WINDOWS\system32\uxtheme.dll
0x76280000 - 0x764fd000 	C:\WINDOWS\System32\combase.dll
0x6f730000 - 0x6f73c000 	C:\Program Files (x86)\Arduino\java\bin\verify.dll
0x6e5e0000 - 0x6e602000 	C:\Program Files (x86)\Arduino\java\bin\java.dll
0x75280000 - 0x7537e000 	C:\WINDOWS\System32\MSCTF.dll
0x6d310000 - 0x6d324000 	C:\Program Files (x86)\Arduino\java\bin\zip.dll
0x74d10000 - 0x74d23000 	C:\WINDOWS\SYSTEM32\kernel.appcore.dll
0x76210000 - 0x76272000 	C:\WINDOWS\System32\bcryptPrimitives.dll
0x6c7f0000 - 0x6c8e9000 	C:\WINDOWS\SYSTEM32\textinputframework.dll
0x75df0000 - 0x75e8c000 	C:\WINDOWS\System32\OLEAUT32.dll
0x6c720000 - 0x6c7ee000 	C:\WINDOWS\SYSTEM32\CoreMessaging.dll
0x6c480000 - 0x6c711000 	C:\WINDOWS\SYSTEM32\CoreUIComponents.dll
0x71820000 - 0x718e7000 	C:\WINDOWS\SYSTEM32\wintypes.dll
0x72f30000 - 0x72f3b000 	C:\WINDOWS\SYSTEM32\CRYPTBASE.DLL
0x765e0000 - 0x76c78000 	C:\WINDOWS\System32\SHELL32.dll
0x71930000 - 0x7201c000 	C:\WINDOWS\SYSTEM32\windows.storage.dll
0x758e0000 - 0x759a1000 	C:\WINDOWS\System32\SHCORE.dll
0x75110000 - 0x7515b000 	C:\WINDOWS\System32\shlwapi.dll
0x71750000 - 0x7176d000 	C:\WINDOWS\SYSTEM32\profapi.dll
0x61940000 - 0x619b3000 	C:\Program Files (x86)\Arduino\lib\listSerialsj.dll
0x759b0000 - 0x75ded000 	C:\WINDOWS\System32\SETUPAPI.dll
0x701c0000 - 0x701fd000 	C:\WINDOWS\SYSTEM32\cfgmgr32.DLL
0x6d2f0000 - 0x6d30d000 	C:\Program Files (x86)\Arduino\lib\jnidispatch-4.2.2-win32-x86.dll
0x75790000 - 0x758e0000 	C:\WINDOWS\System32\Ole32.dll
0x6cfe0000 - 0x6cff5000 	C:\Program Files (x86)\Arduino\java\bin\net.dll
0x70d30000 - 0x70d81000 	C:\WINDOWS\system32\mswsock.dll
0x6f720000 - 0x6f72f000 	C:\Program Files (x86)\Arduino\java\bin\nio.dll
0x6c330000 - 0x6c477000 	C:\Program Files (x86)\Arduino\java\bin\awt.dll
0x6cef0000 - 0x6cf96000 	C:\WINDOWS\SYSTEM32\apphelp.dll
0x6c300000 - 0x6c324000 	C:\WINDOWS\system32\DWMAPI.DLL
0x6c2c0000 - 0x6c2f9000 	C:\Program Files (x86)\Arduino\java\bin\fontmanager.dll
0x6c1e0000 - 0x6c2c0000 	C:\WINDOWS\system32\opengl32.dll
0x6c190000 - 0x6c1d2000 	C:\WINDOWS\SYSTEM32\GLU32.dll
0x6c160000 - 0x6c18e000 	C:\WINDOWS\SYSTEM32\dxcore.dll
0x6c120000 - 0x6c152000 	C:\Program Files (x86)\Arduino\java\bin\t2k.dll
0x70200000 - 0x70224000 	C:\WINDOWS\SYSTEM32\DEVOBJ.dll
0x76c80000 - 0x76cd8000 	C:\WINDOWS\System32\WINTRUST.dll
0x75680000 - 0x75783000 	C:\WINDOWS\System32\CRYPT32.dll
0x701b0000 - 0x701be000 	C:\WINDOWS\SYSTEM32\MSASN1.dll
0x72100000 - 0x72124000 	C:\WINDOWS\SYSTEM32\IPHLPAPI.DLL
0x76e80000 - 0x76e87000 	C:\WINDOWS\System32\NSI.dll
0x70bb0000 - 0x70bc6000 	C:\WINDOWS\SYSTEM32\dhcpcsvc6.DLL
0x70ad0000 - 0x70ae7000 	C:\WINDOWS\SYSTEM32\dhcpcsvc.DLL
0x70af0000 - 0x70bad000 	C:\WINDOWS\SYSTEM32\DNSAPI.dll
0x70bf0000 - 0x70c02000 	C:\WINDOWS\system32\napinsp.dll
0x70bd0000 - 0x70be6000 	C:\WINDOWS\system32\pnrpnsp.dll
0x70ac0000 - 0x70ace000 	C:\WINDOWS\System32\winrnr.dll
0x70aa0000 - 0x70ab1000 	C:\WINDOWS\system32\wshbth.dll
0x70310000 - 0x70328000 	C:\WINDOWS\system32\nlansp_c.dll
0x70300000 - 0x70308000 	C:\Windows\System32\rasadhlp.dll
0x6c0b0000 - 0x6c119000 	C:\Program Files (x86)\Arduino\msvcp100.dll
0x6bff0000 - 0x6c0ae000 	C:\Program Files (x86)\Arduino\msvcr100.dll
0x02880000 - 0x028b2000 	C:\Program Files (x86)\Arduino\lib\AStylej.dll
0x6bfc0000 - 0x6bfe4000 	C:\Program Files (x86)\Arduino\java\bin\dcpr.dll
0x770a0000 - 0x77122000 	C:\WINDOWS\System32\clbcatq.dll
0x6d180000 - 0x6d2e0000 	C:\WINDOWS\SYSTEM32\WindowsCodecs.dll
0x6bf70000 - 0x6bfbc000 	C:\WINDOWS\system32\dataexchange.dll
0x6bd80000 - 0x6bf6c000 	C:\WINDOWS\system32\twinapi.appcore.dll
0x6cfc0000 - 0x6cfe0000 	C:\Program Files (x86)\Arduino\java\bin\sunec.dll
0x72f70000 - 0x72f85000 	C:\WINDOWS\SYSTEM32\CRYPTSP.dll
0x72f40000 - 0x72f70000 	C:\WINDOWS\system32\rsaenh.dll
0x6f6b0000 - 0x6f6d4000 	C:\WINDOWS\SYSTEM32\USERENV.dll
0x6f6e0000 - 0x6f6e9000 	C:\Program Files (x86)\Arduino\java\bin\sunmscapi.dll
0x702a0000 - 0x702fd000 	C:\WINDOWS\System32\fwpuclnt.dll
0x64000000 - 0x6401b000 	C:\Program Files (x86)\Arduino\lib\jSSC-2.8_x86.dll
0x6ce90000 - 0x6cee8000 	C:\WINDOWS\system32\Ninput.dll
0x6e3e0000 - 0x6e5b6000 	C:\WINDOWS\SYSTEM32\dbghelp.dll

VM Arguments:
jvm_args: -Dsun.java2d.d3d=false -Djna.nosys=true -Djna.nounpack=true -Djna.boot.library.name=jnidispatch-4.2.2-win32-x86 -Djna.boot.library.path=C:\Program Files (x86)\Arduino/lib -Djssc.library.path=C:\Program Files (x86)\Arduino/lib -DAPP_DIR=C:\Program Files (x86)\Arduino -Xms128M -Xmx512M -Dfile.encoding=UTF8 -Djava.net.preferIPv4Stack=true 
java_command: processing.app.Base D:\EVSE_CHARGERS\EVSE_3.3KW_VERSION_1_3_1\EVSE_3.3KW_STATE_MACHINE_IMPLEMENTED\EVSE_3.3KW_29_02_24_working\3.3KW_V1.3.1_update\3.3KW_V1.3.1_update.ino
java_class_path (initial): C:\Program Files (x86)\Arduino\lib\apple.jar;C:\Program Files (x86)\Arduino\lib\arduino-core.jar;C:\Program Files (x86)\Arduino\lib\batik-1.8.jar;C:\Program Files (x86)\Arduino\lib\batik-anim-1.8.jar;C:\Program Files (x86)\Arduino\lib\batik-awt-util-1.8.jar;C:\Program Files (x86)\Arduino\lib\batik-bridge-1.8.jar;C:\Program Files (x86)\Arduino\lib\batik-codec-1.8.jar;C:\Program Files (x86)\Arduino\lib\batik-css-1.8.jar;C:\Program Files (x86)\Arduino\lib\batik-dom-1.8.jar;C:\Program Files (x86)\Arduino\lib\batik-ext-1.8.jar;C:\Program Files (x86)\Arduino\lib\batik-gvt-1.8.jar;C:\Program Files (x86)\Arduino\lib\batik-parser-1.8.jar;C:\Program Files (x86)\Arduino\lib\batik-rasterizer-1.8.jar;C:\Program Files (x86)\Arduino\lib\batik-script-1.8.jar;C:\Program Files (x86)\Arduino\lib\batik-squiggle-1.8.jar;C:\Program Files (x86)\Arduino\lib\batik-svg-dom-1.8.jar;C:\Program Files (x86)\Arduino\lib\batik-svgpp-1.8.jar;C:\Program Files (x86)\Arduino\lib\batik-transcoder-1.8.jar;C:\Program Files (x86)\Arduino\lib\batik-util-1.8.jar;C:\Program Files (x86)\Arduino\lib\batik-xml-1.8.jar;C:\Program Files (x86)\Arduino\lib\bcpg-jdk15on-152.jar;C:\Program Files (x86)\Arduino\lib\bcprov-jdk15on-152.jar;C:\Program Files (x86)\Arduino\lib\commons-codec-1.7.jar;C:\Program Files (x86)\Arduino\lib\commons-compress-1.8.jar;C:\Program Files (x86)\Arduino\lib\commons-exec-1.1.jar;C:\Program Files (x86)\Arduino\lib\commons-httpclient-3.1.jar;C:\Program Files (x86)\Arduino\lib\commons-lang3-3.8.1.jar;C:\Program Files (x86)\Arduino\lib\commons-logging-1.0.4.jar;C:\Program Files (x86)\Arduino\lib\commons-net-3.3.jar;C:\Program Files (x86)\Arduino\lib\commons-io-2.6.jar;C:\Program Files (x86)\Arduino\lib\jackson-annotations-2.9.5.jar;C:\Program Files (x86)\Arduino\lib\jackson-core-2.9.5.jar;C:\Program Files (x86)\Arduino\lib\jackson-databind-2.9.5.jar;C:\Program Files (x86)\Arduino\lib\java-semver-0.8.0.jar;C:\Program Files (x86)\Arduino\lib\jmdns-3.5.5.jar;C:\Program
Launcher Type: SUN_STANDARD

Environment Variables:
PATH=C:\WINDOWS\system32;C:\WINDOWS;C:\WINDOWS\System32\Wbem;C:\WINDOWS\System32\WindowsPowerShell\v1.0\;C:\WINDOWS\System32\OpenSSH\;C:\Program Files\Git\cmd;C:\Users\bsaig\AppData\Local\Microsoft\WindowsApps;C:\CTOOLS\bin;C:\CTOOLS\mingw32\bin;C:\Users\bsaig\AppData\Local\Programs\Microsoft VS Code\bin;C:\Program Files (x86)\Arduino\java\bin
USERNAME=bsaig
OS=Windows_NT
PROCESSOR_IDENTIFIER=AMD64 Family 23 Model 104 Stepping 1, AuthenticAMD



---------------  S Y S T E M  ---------------

OS: Windows 10.0 , 64 bit Build 22621 (10.0.22621.3085)

CPU:total 12 (initial active 12) (12 cores per cpu, 1 threads per core) family 23 model 104 stepping 1, cmov, cx8, fxsr, mmx, sse, sse2, sse3, ssse3, sse4.1, sse4.2, popcnt, avx, avx2, aes, clmul, mmxext, 3dnowpref, lzcnt, sse4a, tsc, tscinvbit, tscinv, bmi1

Memory: 4k page, physical 6149880k(472932k free), swap 19781368k(7552172k free)

vm_info: Java HotSpot(TM) Client VM (25.191-b12) for windows-x86 JRE (1.8.0_191-b12), built on Oct  6 2018 08:34:23 by "java_re" with MS VC++ 10.0 (VS2010)

time: Thu Feb 29 11:16:08 2024
elapsed time: 3280 seconds (0d 0h 54m 40s)

